2022-10-23 08:51:54,036 [c.s.l.F.ClientInteraction] [livedata-sdk-pool-1-thread-10] [INFO] [Elapsed 1] onFeedEvent : CONNECTED
2022-10-23 08:51:54,591 [c.s.l.F.ClientInteraction] [livedata-sdk-pool-1-thread-10] [INFO] [Elapsed 0] onOpened
2022-10-23 08:51:54,591 [c.s.l.F.ClientInteraction] [livedata-sdk-pool-1-thread-12] [INFO] [Elapsed 0] onFeedEvent : AUTHENTICATED
2022-10-23 08:51:55,002 [c.s.l.F.ClientInteraction] [livedata-sdk-pool-1-thread-12] [INFO] [Elapsed 1] onInitialized
2022-10-23 08:51:55,002 [c.s.l.F.ClientInteraction] [livedata-sdk-pool-1-thread-7] [INFO] [Elapsed 0] onFullMatchUpdateReceived 35848015 NOT_STARTED
2022-10-23 08:51:55,005 [c.s.l.F.ClientInteraction] [livedata-sdk-pool-1-thread-4] [INFO] [Elapsed 1] Lineups match id : 35848015
2022-10-23 08:51:55,994 [c.s.l.F.ClientInteraction] [livedata-sdk-pool-1-thread-7] [INFO] [Elapsed 73] onMatchDeltaUpdateReceived 35848015 null
2022-10-23 08:51:56,008 [c.s.l.F.ClientInteraction] [livedata-sdk-pool-1-thread-7] [INFO] [Elapsed 2] onMatchDeltaUpdateReceived 35848015 null
2022-10-23 08:51:56,109 [c.s.l.F.ClientInteraction] [livedata-sdk-pool-1-thread-7] [INFO] [Elapsed 5] onMatchDeltaUpdateReceived 35848015 null
2022-10-23 08:51:56,210 [c.s.l.F.ClientInteraction] [livedata-sdk-pool-1-thread-7] [INFO] [Elapsed 6] onMatchDeltaUpdateReceived 35848015 null
2022-10-23 08:51:56,307 [c.s.l.F.ClientInteraction] [livedata-sdk-pool-1-thread-7] [INFO] [Elapsed 4] onMatchDeltaUpdateReceived 35848015 null
2022-10-23 08:51:56,413 [c.s.l.F.ClientInteraction] [livedata-sdk-pool-1-thread-7] [INFO] [Elapsed 5] onMatchDeltaUpdateReceived 35848015 FIRST_QUARTER
2022-10-23 08:51:56,511 [c.s.l.F.ClientInteraction] [livedata-sdk-pool-1-thread-7] [INFO] [Elapsed 5] onMatchDeltaUpdateReceived 35848015 null
2022-10-23 08:51:56,613 [c.s.l.F.ClientInteraction] [livedata-sdk-pool-1-thread-7] [INFO] [Elapsed 6] onMatchDeltaUpdateReceived 35848015 null
2022-10-23 08:51:56,711 [c.s.l.F.ClientInteraction] [livedata-sdk-pool-1-thread-7] [INFO] [Elapsed 6] onMatchDeltaUpdateReceived 35848015 null
2022-10-23 08:51:56,812 [c.s.l.F.ClientInteraction] [livedata-sdk-pool-1-thread-7] [INFO] [Elapsed 6] onMatchDeltaUpdateReceived 35848015 null
2022-10-23 08:51:56,910 [c.s.l.F.ClientInteraction] [livedata-sdk-pool-1-thread-7] [INFO] [Elapsed 6] onMatchDeltaUpdateReceived 35848015 null
2022-10-23 08:51:57,009 [c.s.l.F.ClientInteraction] [livedata-sdk-pool-1-thread-7] [INFO] [Elapsed 5] onMatchDeltaUpdateReceived 35848015 null
2022-10-23 08:51:57,110 [c.s.l.F.ClientInteraction] [livedata-sdk-pool-1-thread-7] [INFO] [Elapsed 5] onMatchDeltaUpdateReceived 35848015 null
2022-10-23 08:51:57,210 [c.s.l.F.ClientInteraction] [livedata-sdk-pool-1-thread-7] [INFO] [Elapsed 5] onMatchDeltaUpdateReceived 35848015 null
2022-10-23 08:51:57,310 [c.s.l.F.ClientInteraction] [livedata-sdk-pool-1-thread-7] [INFO] [Elapsed 5] onMatchDeltaUpdateReceived 35848015 null
2022-10-23 08:51:57,410 [c.s.l.F.ClientInteraction] [livedata-sdk-pool-1-thread-7] [INFO] [Elapsed 6] onMatchDeltaUpdateReceived 35848015 null
2022-10-23 08:51:57,511 [c.s.l.F.ClientInteraction] [livedata-sdk-pool-1-thread-7] [INFO] [Elapsed 5] onMatchDeltaUpdateReceived 35848015 null
2022-10-23 08:51:57,610 [c.s.l.F.ClientInteraction] [livedata-sdk-pool-1-thread-7] [INFO] [Elapsed 5] onMatchDeltaUpdateReceived 35848015 null
2022-10-23 08:51:57,710 [c.s.l.F.ClientInteraction] [livedata-sdk-pool-1-thread-7] [INFO] [Elapsed 5] onMatchDeltaUpdateReceived 35848015 null
2022-10-23 08:51:57,811 [c.s.l.F.ClientInteraction] [livedata-sdk-pool-1-thread-7] [INFO] [Elapsed 5] onMatchDeltaUpdateReceived 35848015 null
2022-10-23 08:51:57,910 [c.s.l.F.ClientInteraction] [livedata-sdk-pool-1-thread-7] [INFO] [Elapsed 5] onMatchDeltaUpdateReceived 35848015 null
2022-10-23 08:51:58,006 [c.s.l.F.ClientInteraction] [livedata-sdk-pool-1-thread-7] [INFO] [Elapsed 3] onMatchDeltaUpdateReceived 35848015 null
2022-10-23 08:51:58,104 [c.s.l.F.ClientInteraction] [livedata-sdk-pool-1-thread-7] [INFO] [Elapsed 1] onMatchDeltaUpdateReceived 35848015 null
2022-10-23 08:51:58,212 [c.s.l.F.ClientInteraction] [livedata-sdk-pool-1-thread-7] [INFO] [Elapsed 5] onMatchDeltaUpdateReceived 35848015 null
2022-10-23 08:51:58,309 [c.s.l.F.ClientInteraction] [livedata-sdk-pool-1-thread-7] [INFO] [Elapsed 5] onMatchDeltaUpdateReceived 35848015 null
2022-10-23 08:51:58,409 [c.s.l.F.ClientInteraction] [livedata-sdk-pool-1-thread-7] [INFO] [Elapsed 5] onMatchDeltaUpdateReceived 35848015 null
2022-10-23 08:51:58,509 [c.s.l.F.ClientInteraction] [livedata-sdk-pool-1-thread-7] [INFO] [Elapsed 5] onMatchDeltaUpdateReceived 35848015 null
2022-10-23 08:51:58,609 [c.s.l.F.ClientInteraction] [livedata-sdk-pool-1-thread-7] [INFO] [Elapsed 5] onMatchDeltaUpdateReceived 35848015 null
2022-10-23 08:51:58,709 [c.s.l.F.ClientInteraction] [livedata-sdk-pool-1-thread-7] [INFO] [Elapsed 4] onMatchDeltaUpdateReceived 35848015 null
2022-10-23 08:51:58,808 [c.s.l.F.ClientInteraction] [livedata-sdk-pool-1-thread-7] [INFO] [Elapsed 5] onMatchDeltaUpdateReceived 35848015 null
2022-10-23 08:51:58,909 [c.s.l.F.ClientInteraction] [livedata-sdk-pool-1-thread-7] [INFO] [Elapsed 5] onMatchDeltaUpdateReceived 35848015 null
2022-10-23 08:51:59,010 [c.s.l.F.ClientInteraction] [livedata-sdk-pool-1-thread-7] [INFO] [Elapsed 5] onMatchDeltaUpdateReceived 35848015 null
2022-10-23 08:51:59,108 [c.s.l.F.ClientInteraction] [livedata-sdk-pool-1-thread-7] [INFO] [Elapsed 5] onMatchDeltaUpdateReceived 35848015 null
2022-10-23 08:51:59,218 [c.s.l.F.ClientInteraction] [livedata-sdk-pool-1-thread-7] [INFO] [Elapsed 13] onMatchDeltaUpdateReceived 35848015 null
2022-10-23 08:54:05,966 [c.s.l.F.ClientInteraction] [livedata-sdk-pool-1-thread-10] [INFO] [Elapsed 2] onFeedEvent : CONNECTED
2022-10-23 08:54:06,180 [c.s.l.F.ClientInteraction] [livedata-sdk-pool-1-thread-10] [INFO] [Elapsed 0] onOpened
2022-10-23 08:54:06,180 [c.s.l.F.ClientInteraction] [livedata-sdk-pool-1-thread-12] [INFO] [Elapsed 0] onFeedEvent : AUTHENTICATED
2022-10-23 08:54:06,215 [c.s.l.F.ClientInteraction] [livedata-sdk-pool-1-thread-12] [INFO] [Elapsed 0] onInitialized
2022-10-23 08:54:06,215 [c.s.l.F.ClientInteraction] [livedata-sdk-pool-1-thread-7] [INFO] [Elapsed 0] onFullMatchUpdateReceived 35848015 NOT_STARTED
2022-10-23 08:54:06,248 [c.s.l.F.ClientInteraction] [livedata-sdk-pool-1-thread-4] [INFO] [Elapsed 1] Lineups match id : 35848015
2022-10-23 08:54:07,373 [c.s.l.F.ClientInteraction] [livedata-sdk-pool-1-thread-7] [INFO] [Elapsed 66] onMatchDeltaUpdateReceived 35848015 null
2022-10-23 08:54:07,376 [c.s.l.F.ClientInteraction] [livedata-sdk-pool-1-thread-7] [INFO] [Elapsed 3] onMatchDeltaUpdateReceived 35848015 null
2022-10-23 08:54:07,414 [c.s.l.F.ClientInteraction] [livedata-sdk-pool-1-thread-7] [INFO] [Elapsed 3] onMatchDeltaUpdateReceived 35848015 null
2022-10-23 08:54:07,519 [c.s.l.F.ClientInteraction] [livedata-sdk-pool-1-thread-7] [INFO] [Elapsed 6] onMatchDeltaUpdateReceived 35848015 null
2022-10-23 08:54:07,619 [c.s.l.F.ClientInteraction] [livedata-sdk-pool-1-thread-7] [INFO] [Elapsed 7] onMatchDeltaUpdateReceived 35848015 null
2022-10-23 08:54:07,718 [c.s.l.F.ClientInteraction] [livedata-sdk-pool-1-thread-7] [INFO] [Elapsed 6] onMatchDeltaUpdateReceived 35848015 FIRST_QUARTER
2022-10-23 08:54:07,819 [c.s.l.F.ClientInteraction] [livedata-sdk-pool-1-thread-7] [INFO] [Elapsed 7] onMatchDeltaUpdateReceived 35848015 null
2022-10-23 08:54:07,920 [c.s.l.F.ClientInteraction] [livedata-sdk-pool-1-thread-7] [INFO] [Elapsed 6] onMatchDeltaUpdateReceived 35848015 null
2022-10-23 08:54:08,012 [c.s.l.F.ClientInteraction] [livedata-sdk-pool-1-thread-7] [INFO] [Elapsed 3] onMatchDeltaUpdateReceived 35848015 null
2022-10-23 08:56:39,588 [c.s.l.F.ClientInteraction] [livedata-sdk-pool-1-thread-10] [INFO] [Elapsed 3] onFeedEvent : CONNECTED
2022-10-23 08:56:39,829 [c.s.l.F.ClientInteraction] [livedata-sdk-pool-1-thread-10] [INFO] [Elapsed 0] onOpened
2022-10-23 08:56:39,829 [c.s.l.F.ClientInteraction] [livedata-sdk-pool-1-thread-12] [INFO] [Elapsed 0] onFeedEvent : AUTHENTICATED
2022-10-23 08:56:39,864 [c.s.l.F.ClientInteraction] [livedata-sdk-pool-1-thread-12] [INFO] [Elapsed 0] onInitialized
2022-10-23 08:56:39,864 [c.s.l.F.ClientInteraction] [livedata-sdk-pool-1-thread-7] [INFO] [Elapsed 0] onFullMatchUpdateReceived 35848015 NOT_STARTED
2022-10-23 08:56:39,867 [c.s.l.F.ClientInteraction] [livedata-sdk-pool-1-thread-4] [INFO] [Elapsed 0] Lineups match id : 35848015
2022-10-23 08:56:40,945 [c.s.l.F.ClientInteraction] [livedata-sdk-pool-1-thread-7] [INFO] [Elapsed 57] onMatchDeltaUpdateReceived 35848015 null
2022-10-23 08:56:40,966 [c.s.l.F.ClientInteraction] [livedata-sdk-pool-1-thread-7] [INFO] [Elapsed 3] onMatchDeltaUpdateReceived 35848015 null
2022-10-23 08:56:41,068 [c.s.l.F.ClientInteraction] [livedata-sdk-pool-1-thread-7] [INFO] [Elapsed 6] onMatchDeltaUpdateReceived 35848015 null
2022-10-23 08:56:41,168 [c.s.l.F.ClientInteraction] [livedata-sdk-pool-1-thread-7] [INFO] [Elapsed 6] onMatchDeltaUpdateReceived 35848015 null
2022-10-23 08:56:41,269 [c.s.l.F.ClientInteraction] [livedata-sdk-pool-1-thread-7] [INFO] [Elapsed 6] onMatchDeltaUpdateReceived 35848015 null
2022-10-23 08:56:41,369 [c.s.l.F.ClientInteraction] [livedata-sdk-pool-1-thread-7] [INFO] [Elapsed 5] onMatchDeltaUpdateReceived 35848015 FIRST_QUARTER
2022-10-23 08:56:41,468 [c.s.l.F.ClientInteraction] [livedata-sdk-pool-1-thread-7] [INFO] [Elapsed 6] onMatchDeltaUpdateReceived 35848015 null
2022-10-23 08:56:41,569 [c.s.l.F.ClientInteraction] [livedata-sdk-pool-1-thread-7] [INFO] [Elapsed 5] onMatchDeltaUpdateReceived 35848015 null
2022-10-23 08:57:11,364 [c.s.l.F.ClientInteraction] [livedata-sdk-pool-1-thread-10] [INFO] [Elapsed 6] onFeedEvent : CONNECTED
2022-10-23 08:57:11,951 [c.s.l.F.ClientInteraction] [livedata-sdk-pool-1-thread-10] [INFO] [Elapsed 0] onOpened
2022-10-23 08:57:11,952 [c.s.l.F.ClientInteraction] [livedata-sdk-pool-1-thread-12] [INFO] [Elapsed 1] onFeedEvent : AUTHENTICATED
2022-10-23 08:57:11,959 [c.s.l.F.ClientInteraction] [livedata-sdk-pool-1-thread-12] [INFO] [Elapsed 0] onInitialized
2022-10-23 08:57:11,959 [c.s.l.F.ClientInteraction] [livedata-sdk-pool-1-thread-7] [INFO] [Elapsed 0] onFullMatchUpdateReceived 35848015 NOT_STARTED
2022-10-23 08:57:11,961 [c.s.l.F.ClientInteraction] [livedata-sdk-pool-1-thread-4] [INFO] [Elapsed 0] Lineups match id : 35848015
2022-10-23 08:57:13,009 [c.s.l.F.ClientInteraction] [livedata-sdk-pool-1-thread-7] [INFO] [Elapsed 61] onMatchDeltaUpdateReceived 35848015 null
2022-10-23 08:57:13,021 [c.s.l.F.ClientInteraction] [livedata-sdk-pool-1-thread-7] [INFO] [Elapsed 3] onMatchDeltaUpdateReceived 35848015 null
2022-10-23 08:57:13,116 [c.s.l.F.ClientInteraction] [livedata-sdk-pool-1-thread-7] [INFO] [Elapsed 3] onMatchDeltaUpdateReceived 35848015 null
2022-10-23 08:57:13,222 [c.s.l.F.ClientInteraction] [livedata-sdk-pool-1-thread-7] [INFO] [Elapsed 5] onMatchDeltaUpdateReceived 35848015 null
2022-10-23 08:57:13,323 [c.s.l.F.ClientInteraction] [livedata-sdk-pool-1-thread-7] [INFO] [Elapsed 6] onMatchDeltaUpdateReceived 35848015 null
2022-10-23 08:57:13,424 [c.s.l.F.ClientInteraction] [livedata-sdk-pool-1-thread-7] [INFO] [Elapsed 5] onMatchDeltaUpdateReceived 35848015 FIRST_QUARTER
2022-10-23 08:57:43,937 [c.s.l.F.ClientInteraction] [livedata-sdk-pool-1-thread-10] [INFO] [Elapsed 2] onFeedEvent : CONNECTED
2022-10-23 08:57:44,180 [c.s.l.F.ClientInteraction] [livedata-sdk-pool-1-thread-10] [INFO] [Elapsed 0] onOpened
2022-10-23 08:57:44,180 [c.s.l.F.ClientInteraction] [livedata-sdk-pool-1-thread-12] [INFO] [Elapsed 0] onFeedEvent : AUTHENTICATED
2022-10-23 08:57:44,204 [c.s.l.F.ClientInteraction] [livedata-sdk-pool-1-thread-12] [INFO] [Elapsed 0] onInitialized
2022-10-23 08:57:44,204 [c.s.l.F.ClientInteraction] [livedata-sdk-pool-1-thread-7] [INFO] [Elapsed 0] onFullMatchUpdateReceived 35848015 NOT_STARTED
2022-10-23 08:57:44,246 [c.s.l.F.ClientInteraction] [livedata-sdk-pool-1-thread-4] [INFO] [Elapsed 0] Lineups match id : 35848015
2022-10-23 08:57:45,357 [c.s.l.F.ClientInteraction] [livedata-sdk-pool-1-thread-7] [INFO] [Elapsed 48] onMatchDeltaUpdateReceived 35848015 null
2022-10-23 08:57:45,359 [c.s.l.F.ClientInteraction] [livedata-sdk-pool-1-thread-7] [INFO] [Elapsed 2] onMatchDeltaUpdateReceived 35848015 null
2022-10-23 08:57:45,400 [c.s.l.F.ClientInteraction] [livedata-sdk-pool-1-thread-7] [INFO] [Elapsed 2] onMatchDeltaUpdateReceived 35848015 null
2022-10-23 08:57:45,505 [c.s.l.F.ClientInteraction] [livedata-sdk-pool-1-thread-7] [INFO] [Elapsed 5] onMatchDeltaUpdateReceived 35848015 null
2022-10-23 08:57:45,609 [c.s.l.F.ClientInteraction] [livedata-sdk-pool-1-thread-7] [INFO] [Elapsed 5] onMatchDeltaUpdateReceived 35848015 null
2022-10-23 08:57:45,709 [c.s.l.F.ClientInteraction] [livedata-sdk-pool-1-thread-7] [INFO] [Elapsed 6] onMatchDeltaUpdateReceived 35848015 FIRST_QUARTER
2022-10-23 08:57:45,806 [c.s.l.F.ClientInteraction] [livedata-sdk-pool-1-thread-7] [INFO] [Elapsed 5] onMatchDeltaUpdateReceived 35848015 null
2022-10-23 08:57:45,906 [c.s.l.F.ClientInteraction] [livedata-sdk-pool-1-thread-7] [INFO] [Elapsed 5] onMatchDeltaUpdateReceived 35848015 null
2022-10-23 08:57:46,007 [c.s.l.F.ClientInteraction] [livedata-sdk-pool-1-thread-7] [INFO] [Elapsed 5] onMatchDeltaUpdateReceived 35848015 null
2022-10-23 08:57:46,100 [c.s.l.F.ClientInteraction] [livedata-sdk-pool-1-thread-7] [INFO] [Elapsed 2] onMatchDeltaUpdateReceived 35848015 null
2022-10-23 08:57:46,213 [c.s.l.F.ClientInteraction] [livedata-sdk-pool-1-thread-7] [INFO] [Elapsed 15] onMatchDeltaUpdateReceived 35848015 null
2022-10-23 08:57:46,307 [c.s.l.F.ClientInteraction] [livedata-sdk-pool-1-thread-7] [INFO] [Elapsed 7] onMatchDeltaUpdateReceived 35848015 null
2022-10-23 08:57:46,406 [c.s.l.F.ClientInteraction] [livedata-sdk-pool-1-thread-7] [INFO] [Elapsed 6] onMatchDeltaUpdateReceived 35848015 null
2022-10-23 08:57:46,506 [c.s.l.F.ClientInteraction] [livedata-sdk-pool-1-thread-7] [INFO] [Elapsed 5] onMatchDeltaUpdateReceived 35848015 null
2022-10-23 08:57:46,608 [c.s.l.F.ClientInteraction] [livedata-sdk-pool-1-thread-7] [INFO] [Elapsed 6] onMatchDeltaUpdateReceived 35848015 null
2022-10-23 08:57:46,707 [c.s.l.F.ClientInteraction] [livedata-sdk-pool-1-thread-7] [INFO] [Elapsed 6] onMatchDeltaUpdateReceived 35848015 null
2022-10-23 08:57:46,807 [c.s.l.F.ClientInteraction] [livedata-sdk-pool-1-thread-7] [INFO] [Elapsed 5] onMatchDeltaUpdateReceived 35848015 null
2022-10-23 08:57:46,906 [c.s.l.F.ClientInteraction] [livedata-sdk-pool-1-thread-7] [INFO] [Elapsed 5] onMatchDeltaUpdateReceived 35848015 null
2022-10-23 08:57:47,006 [c.s.l.F.ClientInteraction] [livedata-sdk-pool-1-thread-7] [INFO] [Elapsed 5] onMatchDeltaUpdateReceived 35848015 null
2022-10-23 08:57:47,106 [c.s.l.F.ClientInteraction] [livedata-sdk-pool-1-thread-7] [INFO] [Elapsed 5] onMatchDeltaUpdateReceived 35848015 null
2022-10-23 08:57:47,206 [c.s.l.F.ClientInteraction] [livedata-sdk-pool-1-thread-7] [INFO] [Elapsed 5] onMatchDeltaUpdateReceived 35848015 null
2022-10-23 08:57:47,305 [c.s.l.F.ClientInteraction] [livedata-sdk-pool-1-thread-7] [INFO] [Elapsed 5] onMatchDeltaUpdateReceived 35848015 null
2022-10-23 08:57:47,405 [c.s.l.F.ClientInteraction] [livedata-sdk-pool-1-thread-7] [INFO] [Elapsed 5] onMatchDeltaUpdateReceived 35848015 null
2022-10-23 08:57:47,507 [c.s.l.F.ClientInteraction] [livedata-sdk-pool-1-thread-7] [INFO] [Elapsed 6] onMatchDeltaUpdateReceived 35848015 null
2022-10-23 08:57:47,606 [c.s.l.F.ClientInteraction] [livedata-sdk-pool-1-thread-7] [INFO] [Elapsed 5] onMatchDeltaUpdateReceived 35848015 null
2022-10-23 08:57:47,706 [c.s.l.F.ClientInteraction] [livedata-sdk-pool-1-thread-7] [INFO] [Elapsed 5] onMatchDeltaUpdateReceived 35848015 null
2022-10-23 08:57:47,806 [c.s.l.F.ClientInteraction] [livedata-sdk-pool-1-thread-7] [INFO] [Elapsed 5] onMatchDeltaUpdateReceived 35848015 null
2022-10-23 08:57:47,905 [c.s.l.F.ClientInteraction] [livedata-sdk-pool-1-thread-7] [INFO] [Elapsed 5] onMatchDeltaUpdateReceived 35848015 null
2022-10-23 08:57:48,005 [c.s.l.F.ClientInteraction] [livedata-sdk-pool-1-thread-7] [INFO] [Elapsed 4] onMatchDeltaUpdateReceived 35848015 null
2022-10-23 08:57:48,102 [c.s.l.F.ClientInteraction] [livedata-sdk-pool-1-thread-7] [INFO] [Elapsed 2] onMatchDeltaUpdateReceived 35848015 null
2022-10-23 08:57:48,206 [c.s.l.F.ClientInteraction] [livedata-sdk-pool-1-thread-7] [INFO] [Elapsed 5] onMatchDeltaUpdateReceived 35848015 null
2022-10-23 08:57:48,305 [c.s.l.F.ClientInteraction] [livedata-sdk-pool-1-thread-7] [INFO] [Elapsed 5] onMatchDeltaUpdateReceived 35848015 null
2022-10-23 08:57:48,406 [c.s.l.F.ClientInteraction] [livedata-sdk-pool-1-thread-7] [INFO] [Elapsed 6] onMatchDeltaUpdateReceived 35848015 null
2022-10-23 08:57:48,507 [c.s.l.F.ClientInteraction] [livedata-sdk-pool-1-thread-7] [INFO] [Elapsed 6] onMatchDeltaUpdateReceived 35848015 null
2022-10-23 08:57:48,605 [c.s.l.F.ClientInteraction] [livedata-sdk-pool-1-thread-7] [INFO] [Elapsed 6] onMatchDeltaUpdateReceived 35848015 null
2022-10-23 08:57:48,705 [c.s.l.F.ClientInteraction] [livedata-sdk-pool-1-thread-7] [INFO] [Elapsed 5] onMatchDeltaUpdateReceived 35848015 null
2022-10-23 08:57:48,805 [c.s.l.F.ClientInteraction] [livedata-sdk-pool-1-thread-7] [INFO] [Elapsed 5] onMatchDeltaUpdateReceived 35848015 null
2022-10-23 08:57:48,904 [c.s.l.F.ClientInteraction] [livedata-sdk-pool-1-thread-7] [INFO] [Elapsed 5] onMatchDeltaUpdateReceived 35848015 null
2022-10-23 08:57:49,004 [c.s.l.F.ClientInteraction] [livedata-sdk-pool-1-thread-7] [INFO] [Elapsed 4] onMatchDeltaUpdateReceived 35848015 null
2022-10-23 08:57:49,105 [c.s.l.F.ClientInteraction] [livedata-sdk-pool-1-thread-7] [INFO] [Elapsed 5] onMatchDeltaUpdateReceived 35848015 null
2022-10-23 08:57:49,203 [c.s.l.F.ClientInteraction] [livedata-sdk-pool-1-thread-7] [INFO] [Elapsed 4] onMatchDeltaUpdateReceived 35848015 null
2022-10-23 08:57:49,305 [c.s.l.F.ClientInteraction] [livedata-sdk-pool-1-thread-7] [INFO] [Elapsed 5] onMatchDeltaUpdateReceived 35848015 null
2022-10-23 08:57:49,405 [c.s.l.F.ClientInteraction] [livedata-sdk-pool-1-thread-7] [INFO] [Elapsed 6] onMatchDeltaUpdateReceived 35848015 null
2022-10-23 08:57:49,504 [c.s.l.F.ClientInteraction] [livedata-sdk-pool-1-thread-7] [INFO] [Elapsed 5] onMatchDeltaUpdateReceived 35848015 null
2022-10-23 08:57:49,604 [c.s.l.F.ClientInteraction] [livedata-sdk-pool-1-thread-7] [INFO] [Elapsed 5] onMatchDeltaUpdateReceived 35848015 null
2022-10-23 08:57:49,703 [c.s.l.F.ClientInteraction] [livedata-sdk-pool-1-thread-7] [INFO] [Elapsed 4] onMatchDeltaUpdateReceived 35848015 null
2022-10-23 08:57:49,804 [c.s.l.F.ClientInteraction] [livedata-sdk-pool-1-thread-7] [INFO] [Elapsed 5] onMatchDeltaUpdateReceived 35848015 null
2022-10-23 08:57:49,905 [c.s.l.F.ClientInteraction] [livedata-sdk-pool-1-thread-7] [INFO] [Elapsed 5] onMatchDeltaUpdateReceived 35848015 null
2022-10-23 08:57:50,004 [c.s.l.F.ClientInteraction] [livedata-sdk-pool-1-thread-7] [INFO] [Elapsed 4] onMatchDeltaUpdateReceived 35848015 null
2022-10-23 08:57:50,105 [c.s.l.F.ClientInteraction] [livedata-sdk-pool-1-thread-7] [INFO] [Elapsed 5] onMatchDeltaUpdateReceived 35848015 null
2022-10-23 08:57:50,205 [c.s.l.F.ClientInteraction] [livedata-sdk-pool-1-thread-7] [INFO] [Elapsed 4] onMatchDeltaUpdateReceived 35848015 null
2022-10-23 08:57:50,303 [c.s.l.F.ClientInteraction] [livedata-sdk-pool-1-thread-7] [INFO] [Elapsed 3] onMatchDeltaUpdateReceived 35848015 null
2022-10-23 08:57:50,406 [c.s.l.F.ClientInteraction] [livedata-sdk-pool-1-thread-7] [INFO] [Elapsed 6] onMatchDeltaUpdateReceived 35848015 null
2022-10-23 08:57:50,504 [c.s.l.F.ClientInteraction] [livedata-sdk-pool-1-thread-7] [INFO] [Elapsed 5] onMatchDeltaUpdateReceived 35848015 null
2022-10-23 08:57:50,603 [c.s.l.F.ClientInteraction] [livedata-sdk-pool-1-thread-7] [INFO] [Elapsed 3] onMatchDeltaUpdateReceived 35848015 null
2022-10-23 08:57:50,705 [c.s.l.F.ClientInteraction] [livedata-sdk-pool-1-thread-7] [INFO] [Elapsed 4] onMatchDeltaUpdateReceived 35848015 null
2022-10-23 08:57:50,804 [c.s.l.F.ClientInteraction] [livedata-sdk-pool-1-thread-7] [INFO] [Elapsed 3] onMatchDeltaUpdateReceived 35848015 null
2022-10-23 08:57:50,904 [c.s.l.F.ClientInteraction] [livedata-sdk-pool-1-thread-7] [INFO] [Elapsed 3] onMatchDeltaUpdateReceived 35848015 null
2022-10-23 08:57:51,003 [c.s.l.F.ClientInteraction] [livedata-sdk-pool-1-thread-7] [INFO] [Elapsed 4] onMatchDeltaUpdateReceived 35848015 null
2022-10-23 08:57:51,103 [c.s.l.F.ClientInteraction] [livedata-sdk-pool-1-thread-7] [INFO] [Elapsed 3] onMatchDeltaUpdateReceived 35848015 null
2022-10-23 08:57:51,203 [c.s.l.F.ClientInteraction] [livedata-sdk-pool-1-thread-7] [INFO] [Elapsed 3] onMatchDeltaUpdateReceived 35848015 null
2022-10-23 08:57:51,304 [c.s.l.F.ClientInteraction] [livedata-sdk-pool-1-thread-7] [INFO] [Elapsed 4] onMatchDeltaUpdateReceived 35848015 null
2022-10-23 08:57:51,403 [c.s.l.F.ClientInteraction] [livedata-sdk-pool-1-thread-7] [INFO] [Elapsed 4] onMatchDeltaUpdateReceived 35848015 null
2022-10-23 08:58:28,383 [c.s.l.F.ClientInteraction] [livedata-sdk-pool-1-thread-10] [INFO] [Elapsed 3] onFeedEvent : CONNECTED
2022-10-23 08:58:28,629 [c.s.l.F.ClientInteraction] [livedata-sdk-pool-1-thread-10] [INFO] [Elapsed 1] onOpened
2022-10-23 08:58:28,629 [c.s.l.F.ClientInteraction] [livedata-sdk-pool-1-thread-12] [INFO] [Elapsed 0] onFeedEvent : AUTHENTICATED
2022-10-23 08:58:28,658 [c.s.l.F.ClientInteraction] [livedata-sdk-pool-1-thread-12] [INFO] [Elapsed 0] onInitialized
2022-10-23 08:58:28,659 [c.s.l.F.ClientInteraction] [livedata-sdk-pool-1-thread-7] [INFO] [Elapsed 0] onFullMatchUpdateReceived 35848015 NOT_STARTED
2022-10-23 08:58:28,660 [c.s.l.F.ClientInteraction] [livedata-sdk-pool-1-thread-4] [INFO] [Elapsed 0] Lineups match id : 35848015
2022-10-23 08:58:29,811 [c.s.l.F.ClientInteraction] [livedata-sdk-pool-1-thread-7] [INFO] [Elapsed 64] onMatchDeltaUpdateReceived 35848015 null
2022-10-23 08:58:29,813 [c.s.l.F.ClientInteraction] [livedata-sdk-pool-1-thread-7] [INFO] [Elapsed 2] onMatchDeltaUpdateReceived 35848015 null
2022-10-23 08:58:29,858 [c.s.l.F.ClientInteraction] [livedata-sdk-pool-1-thread-7] [INFO] [Elapsed 3] onMatchDeltaUpdateReceived 35848015 null
2022-10-23 08:58:29,963 [c.s.l.F.ClientInteraction] [livedata-sdk-pool-1-thread-7] [INFO] [Elapsed 6] onMatchDeltaUpdateReceived 35848015 null
2022-10-23 08:58:30,066 [c.s.l.F.ClientInteraction] [livedata-sdk-pool-1-thread-7] [INFO] [Elapsed 6] onMatchDeltaUpdateReceived 35848015 null
2022-10-23 08:58:30,167 [c.s.l.F.ClientInteraction] [livedata-sdk-pool-1-thread-7] [INFO] [Elapsed 5] onMatchDeltaUpdateReceived 35848015 FIRST_QUARTER
2022-10-23 08:58:30,264 [c.s.l.F.ClientInteraction] [livedata-sdk-pool-1-thread-7] [INFO] [Elapsed 6] onMatchDeltaUpdateReceived 35848015 null
2022-10-23 08:58:30,365 [c.s.l.F.ClientInteraction] [livedata-sdk-pool-1-thread-7] [INFO] [Elapsed 5] onMatchDeltaUpdateReceived 35848015 null
2022-10-23 08:58:30,464 [c.s.l.F.ClientInteraction] [livedata-sdk-pool-1-thread-7] [INFO] [Elapsed 6] onMatchDeltaUpdateReceived 35848015 null
2022-10-23 09:01:36,642 [c.s.l.F.ClientInteraction] [livedata-sdk-pool-1-thread-10] [INFO] [Elapsed 2] onFeedEvent : CONNECTED
2022-10-23 09:01:36,873 [c.s.l.F.ClientInteraction] [livedata-sdk-pool-1-thread-10] [INFO] [Elapsed 0] onOpened
2022-10-23 09:01:36,873 [c.s.l.F.ClientInteraction] [livedata-sdk-pool-1-thread-12] [INFO] [Elapsed 0] onFeedEvent : AUTHENTICATED
2022-10-23 09:01:36,904 [c.s.l.F.ClientInteraction] [livedata-sdk-pool-1-thread-12] [INFO] [Elapsed 0] onInitialized
2022-10-23 09:01:36,904 [c.s.l.F.ClientInteraction] [livedata-sdk-pool-1-thread-7] [INFO] [Elapsed 0] onFullMatchUpdateReceived 35848015 NOT_STARTED
2022-10-23 09:01:36,908 [c.s.l.F.ClientInteraction] [livedata-sdk-pool-1-thread-4] [INFO] [Elapsed 0] Lineups match id : 35848015
2022-10-23 09:01:38,023 [c.s.l.F.ClientInteraction] [livedata-sdk-pool-1-thread-7] [INFO] [Elapsed 65] onMatchDeltaUpdateReceived 35848015 null
2022-10-23 09:01:38,026 [c.s.l.F.ClientInteraction] [livedata-sdk-pool-1-thread-7] [INFO] [Elapsed 2] onMatchDeltaUpdateReceived 35848015 null
2022-10-23 09:01:38,102 [c.s.l.F.ClientInteraction] [livedata-sdk-pool-1-thread-7] [INFO] [Elapsed 3] onMatchDeltaUpdateReceived 35848015 null
2022-10-23 09:01:38,208 [c.s.l.F.ClientInteraction] [livedata-sdk-pool-1-thread-7] [INFO] [Elapsed 7] onMatchDeltaUpdateReceived 35848015 null
2022-10-23 09:01:38,308 [c.s.l.F.ClientInteraction] [livedata-sdk-pool-1-thread-7] [INFO] [Elapsed 6] onMatchDeltaUpdateReceived 35848015 null
2022-10-23 09:01:38,477 [c.s.l.F.ClientInteraction] [livedata-sdk-pool-1-thread-7] [INFO] [Elapsed 6] onMatchDeltaUpdateReceived 35848015 FIRST_QUARTER
2022-10-23 09:01:38,507 [c.s.l.F.ClientInteraction] [livedata-sdk-pool-1-thread-7] [INFO] [Elapsed 5] onMatchDeltaUpdateReceived 35848015 null
2022-10-23 09:01:38,609 [c.s.l.F.ClientInteraction] [livedata-sdk-pool-1-thread-7] [INFO] [Elapsed 6] onMatchDeltaUpdateReceived 35848015 null
2022-10-23 09:02:47,129 [c.s.l.F.ClientInteraction] [livedata-sdk-pool-1-thread-10] [INFO] [Elapsed 1] onFeedEvent : CONNECTED
2022-10-23 09:02:47,707 [c.s.l.F.ClientInteraction] [livedata-sdk-pool-1-thread-10] [INFO] [Elapsed 0] onOpened
2022-10-23 09:02:47,707 [c.s.l.F.ClientInteraction] [livedata-sdk-pool-1-thread-12] [INFO] [Elapsed 0] onFeedEvent : AUTHENTICATED
2022-10-23 09:02:47,731 [c.s.l.F.ClientInteraction] [livedata-sdk-pool-1-thread-12] [INFO] [Elapsed 0] onInitialized
2022-10-23 09:02:47,732 [c.s.l.F.ClientInteraction] [livedata-sdk-pool-1-thread-7] [INFO] [Elapsed 0] onFullMatchUpdateReceived 35848015 NOT_STARTED
2022-10-23 09:02:47,733 [c.s.l.F.ClientInteraction] [livedata-sdk-pool-1-thread-4] [INFO] [Elapsed 0] Lineups match id : 35848015
2022-10-23 09:02:48,774 [c.s.l.F.ClientInteraction] [livedata-sdk-pool-1-thread-7] [INFO] [Elapsed 64] onMatchDeltaUpdateReceived 35848015 null
2022-10-23 09:02:48,814 [c.s.l.F.ClientInteraction] [livedata-sdk-pool-1-thread-7] [INFO] [Elapsed 2] onMatchDeltaUpdateReceived 35848015 null
2022-10-23 09:02:48,912 [c.s.l.F.ClientInteraction] [livedata-sdk-pool-1-thread-7] [INFO] [Elapsed 4] onMatchDeltaUpdateReceived 35848015 null
2022-10-23 09:02:49,017 [c.s.l.F.ClientInteraction] [livedata-sdk-pool-1-thread-7] [INFO] [Elapsed 7] onMatchDeltaUpdateReceived 35848015 null
2022-10-23 09:02:49,117 [c.s.l.F.ClientInteraction] [livedata-sdk-pool-1-thread-7] [INFO] [Elapsed 6] onMatchDeltaUpdateReceived 35848015 null
2022-10-23 09:02:49,217 [c.s.l.F.ClientInteraction] [livedata-sdk-pool-1-thread-7] [INFO] [Elapsed 6] onMatchDeltaUpdateReceived 35848015 FIRST_QUARTER
2022-10-23 09:02:49,316 [c.s.l.F.ClientInteraction] [livedata-sdk-pool-1-thread-7] [INFO] [Elapsed 5] onMatchDeltaUpdateReceived 35848015 null
2022-10-23 09:02:49,417 [c.s.l.F.ClientInteraction] [livedata-sdk-pool-1-thread-7] [INFO] [Elapsed 7] onMatchDeltaUpdateReceived 35848015 null
2022-10-23 09:29:53,546 [c.s.l.F.ClientInteraction] [livedata-sdk-pool-1-thread-10] [INFO] [Elapsed 2] onFeedEvent : CONNECTED
2022-10-23 09:29:54,114 [c.s.l.F.ClientInteraction] [livedata-sdk-pool-1-thread-10] [INFO] [Elapsed 0] onOpened
2022-10-23 09:29:54,115 [c.s.l.F.ClientInteraction] [livedata-sdk-pool-1-thread-12] [INFO] [Elapsed 0] onFeedEvent : AUTHENTICATED
2022-10-23 09:29:54,127 [c.s.l.F.ClientInteraction] [livedata-sdk-pool-1-thread-12] [INFO] [Elapsed 0] onInitialized
2022-10-23 09:29:54,127 [c.s.l.F.ClientInteraction] [livedata-sdk-pool-1-thread-7] [INFO] [Elapsed 0] onFullMatchUpdateReceived 35848015 NOT_STARTED
2022-10-23 09:29:54,132 [c.s.l.F.ClientInteraction] [livedata-sdk-pool-1-thread-4] [INFO] [Elapsed 0] Lineups match id : 35848015
2022-10-23 09:29:55,198 [c.s.l.F.ClientInteraction] [livedata-sdk-pool-1-thread-7] [INFO] [Elapsed 67] onMatchDeltaUpdateReceived 35848015 null
2022-10-23 09:29:55,201 [c.s.l.F.ClientInteraction] [livedata-sdk-pool-1-thread-7] [INFO] [Elapsed 2] onMatchDeltaUpdateReceived 35848015 null
2022-10-23 09:29:55,284 [c.s.l.F.ClientInteraction] [livedata-sdk-pool-1-thread-7] [INFO] [Elapsed 2] onMatchDeltaUpdateReceived 35848015 null
2022-10-23 09:29:55,391 [c.s.l.F.ClientInteraction] [livedata-sdk-pool-1-thread-7] [INFO] [Elapsed 7] onMatchDeltaUpdateReceived 35848015 null
2022-10-23 09:29:55,491 [c.s.l.F.ClientInteraction] [livedata-sdk-pool-1-thread-7] [INFO] [Elapsed 7] onMatchDeltaUpdateReceived 35848015 null
2022-10-23 09:29:55,590 [c.s.l.F.ClientInteraction] [livedata-sdk-pool-1-thread-7] [INFO] [Elapsed 6] onMatchDeltaUpdateReceived 35848015 FIRST_QUARTER
2022-10-23 09:30:56,699 [c.s.l.F.ClientInteraction] [livedata-sdk-pool-1-thread-10] [INFO] [Elapsed 2] onFeedEvent : CONNECTED
2022-10-23 09:30:56,909 [c.s.l.F.ClientInteraction] [livedata-sdk-pool-1-thread-10] [INFO] [Elapsed 0] onOpened
2022-10-23 09:30:56,910 [c.s.l.F.ClientInteraction] [livedata-sdk-pool-1-thread-12] [INFO] [Elapsed 0] onFeedEvent : AUTHENTICATED
2022-10-23 09:30:56,954 [c.s.l.F.ClientInteraction] [livedata-sdk-pool-1-thread-12] [INFO] [Elapsed 0] onInitialized
2022-10-23 09:30:56,954 [c.s.l.F.ClientInteraction] [livedata-sdk-pool-1-thread-7] [INFO] [Elapsed 0] onFullMatchUpdateReceived 35848015 NOT_STARTED
2022-10-23 09:30:56,956 [c.s.l.F.ClientInteraction] [livedata-sdk-pool-1-thread-4] [INFO] [Elapsed 0] Lineups match id : 35848015
2022-10-23 09:30:58,062 [c.s.l.F.ClientInteraction] [livedata-sdk-pool-1-thread-7] [INFO] [Elapsed 61] onMatchDeltaUpdateReceived 35848015 null
2022-10-23 09:30:58,064 [c.s.l.F.ClientInteraction] [livedata-sdk-pool-1-thread-7] [INFO] [Elapsed 2] onMatchDeltaUpdateReceived 35848015 null
2022-10-23 09:30:58,134 [c.s.l.F.ClientInteraction] [livedata-sdk-pool-1-thread-7] [INFO] [Elapsed 2] onMatchDeltaUpdateReceived 35848015 null
2022-10-23 09:30:58,242 [c.s.l.F.ClientInteraction] [livedata-sdk-pool-1-thread-7] [INFO] [Elapsed 7] onMatchDeltaUpdateReceived 35848015 null
2022-10-23 09:30:58,343 [c.s.l.F.ClientInteraction] [livedata-sdk-pool-1-thread-7] [INFO] [Elapsed 6] onMatchDeltaUpdateReceived 35848015 null
2022-10-23 09:30:58,442 [c.s.l.F.ClientInteraction] [livedata-sdk-pool-1-thread-7] [INFO] [Elapsed 6] onMatchDeltaUpdateReceived 35848015 FIRST_QUARTER
2022-10-23 09:30:58,542 [c.s.l.F.ClientInteraction] [livedata-sdk-pool-1-thread-7] [INFO] [Elapsed 7] onMatchDeltaUpdateReceived 35848015 null
2022-10-23 09:30:58,642 [c.s.l.F.ClientInteraction] [livedata-sdk-pool-1-thread-7] [INFO] [Elapsed 5] onMatchDeltaUpdateReceived 35848015 null
2022-10-23 09:30:58,742 [c.s.l.F.ClientInteraction] [livedata-sdk-pool-1-thread-7] [INFO] [Elapsed 6] onMatchDeltaUpdateReceived 35848015 null
2022-10-23 09:30:58,842 [c.s.l.F.ClientInteraction] [livedata-sdk-pool-1-thread-7] [INFO] [Elapsed 6] onMatchDeltaUpdateReceived 35848015 null
2022-10-23 09:30:58,941 [c.s.l.F.ClientInteraction] [livedata-sdk-pool-1-thread-7] [INFO] [Elapsed 5] onMatchDeltaUpdateReceived 35848015 null
2022-10-23 09:30:59,041 [c.s.l.F.ClientInteraction] [livedata-sdk-pool-1-thread-7] [INFO] [Elapsed 5] onMatchDeltaUpdateReceived 35848015 null
2022-10-23 09:30:59,141 [c.s.l.F.ClientInteraction] [livedata-sdk-pool-1-thread-7] [INFO] [Elapsed 5] onMatchDeltaUpdateReceived 35848015 null
2022-10-23 09:30:59,240 [c.s.l.F.ClientInteraction] [livedata-sdk-pool-1-thread-7] [INFO] [Elapsed 5] onMatchDeltaUpdateReceived 35848015 null
2022-10-23 09:31:26,925 [c.s.l.F.ClientInteraction] [livedata-sdk-pool-1-thread-10] [INFO] [Elapsed 2] onFeedEvent : CONNECTED
2022-10-23 09:31:27,144 [c.s.l.F.ClientInteraction] [livedata-sdk-pool-1-thread-10] [INFO] [Elapsed 0] onOpened
2022-10-23 09:31:27,144 [c.s.l.F.ClientInteraction] [livedata-sdk-pool-1-thread-12] [INFO] [Elapsed 0] onFeedEvent : AUTHENTICATED
2022-10-23 09:31:27,163 [c.s.l.F.ClientInteraction] [livedata-sdk-pool-1-thread-12] [INFO] [Elapsed 0] onInitialized
2022-10-23 09:31:27,163 [c.s.l.F.ClientInteraction] [livedata-sdk-pool-1-thread-7] [INFO] [Elapsed 0] onFullMatchUpdateReceived 35848015 NOT_STARTED
2022-10-23 09:31:27,166 [c.s.l.F.ClientInteraction] [livedata-sdk-pool-1-thread-4] [INFO] [Elapsed 1] Lineups match id : 35848015
2022-10-23 09:31:28,277 [c.s.l.F.ClientInteraction] [livedata-sdk-pool-1-thread-7] [INFO] [Elapsed 71] onMatchDeltaUpdateReceived 35848015 null
2022-10-23 09:31:28,281 [c.s.l.F.ClientInteraction] [livedata-sdk-pool-1-thread-7] [INFO] [Elapsed 3] onMatchDeltaUpdateReceived 35848015 null
2022-10-23 09:31:28,360 [c.s.l.F.ClientInteraction] [livedata-sdk-pool-1-thread-7] [INFO] [Elapsed 2] onMatchDeltaUpdateReceived 35848015 null
2022-10-23 09:31:28,466 [c.s.l.F.ClientInteraction] [livedata-sdk-pool-1-thread-7] [INFO] [Elapsed 6] onMatchDeltaUpdateReceived 35848015 null
2022-10-23 09:31:28,565 [c.s.l.F.ClientInteraction] [livedata-sdk-pool-1-thread-7] [INFO] [Elapsed 6] onMatchDeltaUpdateReceived 35848015 null
2022-10-23 09:31:28,667 [c.s.l.F.ClientInteraction] [livedata-sdk-pool-1-thread-7] [INFO] [Elapsed 6] onMatchDeltaUpdateReceived 35848015 FIRST_QUARTER
2022-10-23 09:31:28,767 [c.s.l.F.ClientInteraction] [livedata-sdk-pool-1-thread-7] [INFO] [Elapsed 6] onMatchDeltaUpdateReceived 35848015 null
2022-10-23 09:31:28,868 [c.s.l.F.ClientInteraction] [livedata-sdk-pool-1-thread-7] [INFO] [Elapsed 7] onMatchDeltaUpdateReceived 35848015 null
2022-10-23 09:37:46,876 [c.s.l.F.ClientInteraction] [livedata-sdk-pool-1-thread-10] [INFO] [Elapsed 2] onFeedEvent : CONNECTED
2022-10-23 09:37:47,474 [c.s.l.F.ClientInteraction] [livedata-sdk-pool-1-thread-10] [INFO] [Elapsed 0] onOpened
2022-10-23 09:37:47,475 [c.s.l.F.ClientInteraction] [livedata-sdk-pool-1-thread-12] [INFO] [Elapsed 0] onFeedEvent : AUTHENTICATED
2022-10-23 09:37:47,490 [c.s.l.F.ClientInteraction] [livedata-sdk-pool-1-thread-12] [INFO] [Elapsed 1] onInitialized
2022-10-23 09:37:47,491 [c.s.l.F.ClientInteraction] [livedata-sdk-pool-1-thread-7] [INFO] [Elapsed 0] onFullMatchUpdateReceived 35848015 NOT_STARTED
2022-10-23 09:37:47,495 [c.s.l.F.ClientInteraction] [livedata-sdk-pool-1-thread-4] [INFO] [Elapsed 1] Lineups match id : 35848015
2022-10-23 09:37:48,569 [c.s.l.F.ClientInteraction] [livedata-sdk-pool-1-thread-7] [INFO] [Elapsed 71] onMatchDeltaUpdateReceived 35848015 null
2022-10-23 09:37:48,572 [c.s.l.F.ClientInteraction] [livedata-sdk-pool-1-thread-7] [INFO] [Elapsed 3] onMatchDeltaUpdateReceived 35848015 null
2022-10-23 09:37:48,621 [c.s.l.F.ClientInteraction] [livedata-sdk-pool-1-thread-7] [INFO] [Elapsed 5] onMatchDeltaUpdateReceived 35848015 null
2022-10-23 09:37:48,722 [c.s.l.F.ClientInteraction] [livedata-sdk-pool-1-thread-7] [INFO] [Elapsed 7] onMatchDeltaUpdateReceived 35848015 null
2022-10-23 09:37:48,821 [c.s.l.F.ClientInteraction] [livedata-sdk-pool-1-thread-7] [INFO] [Elapsed 6] onMatchDeltaUpdateReceived 35848015 null
2022-10-23 09:37:48,923 [c.s.l.F.ClientInteraction] [livedata-sdk-pool-1-thread-7] [INFO] [Elapsed 7] onMatchDeltaUpdateReceived 35848015 FIRST_QUARTER
2022-10-23 09:37:49,021 [c.s.l.F.ClientInteraction] [livedata-sdk-pool-1-thread-7] [INFO] [Elapsed 6] onMatchDeltaUpdateReceived 35848015 null
2022-10-23 09:37:49,121 [c.s.l.F.ClientInteraction] [livedata-sdk-pool-1-thread-7] [INFO] [Elapsed 6] onMatchDeltaUpdateReceived 35848015 null
2022-10-23 09:37:49,222 [c.s.l.F.ClientInteraction] [livedata-sdk-pool-1-thread-7] [INFO] [Elapsed 6] onMatchDeltaUpdateReceived 35848015 null
2022-10-23 09:37:49,322 [c.s.l.F.ClientInteraction] [livedata-sdk-pool-1-thread-7] [INFO] [Elapsed 7] onMatchDeltaUpdateReceived 35848015 null
2022-10-23 09:37:49,422 [c.s.l.F.ClientInteraction] [livedata-sdk-pool-1-thread-7] [INFO] [Elapsed 6] onMatchDeltaUpdateReceived 35848015 null
2022-10-23 09:40:16,215 [c.s.l.F.ClientInteraction] [livedata-sdk-pool-1-thread-10] [INFO] [Elapsed 2] onFeedEvent : CONNECTED
2022-10-23 09:40:16,476 [c.s.l.F.ClientInteraction] [livedata-sdk-pool-1-thread-10] [INFO] [Elapsed 0] onOpened
2022-10-23 09:40:16,476 [c.s.l.F.ClientInteraction] [livedata-sdk-pool-1-thread-12] [INFO] [Elapsed 0] onFeedEvent : AUTHENTICATED
2022-10-23 09:40:16,501 [c.s.l.F.ClientInteraction] [livedata-sdk-pool-1-thread-12] [INFO] [Elapsed 0] onInitialized
2022-10-23 09:40:16,501 [c.s.l.F.ClientInteraction] [livedata-sdk-pool-1-thread-7] [INFO] [Elapsed 0] onFullMatchUpdateReceived 35848015 NOT_STARTED
2022-10-23 09:40:16,544 [c.s.l.F.ClientInteraction] [livedata-sdk-pool-1-thread-4] [INFO] [Elapsed 0] Lineups match id : 35848015
2022-10-23 09:40:17,660 [c.s.l.F.ClientInteraction] [livedata-sdk-pool-1-thread-7] [INFO] [Elapsed 54] onMatchDeltaUpdateReceived 35848015 null
2022-10-23 09:40:17,662 [c.s.l.F.ClientInteraction] [livedata-sdk-pool-1-thread-7] [INFO] [Elapsed 2] onMatchDeltaUpdateReceived 35848015 null
2022-10-23 09:40:17,701 [c.s.l.F.ClientInteraction] [livedata-sdk-pool-1-thread-7] [INFO] [Elapsed 5] onMatchDeltaUpdateReceived 35848015 null
2022-10-23 09:40:17,805 [c.s.l.F.ClientInteraction] [livedata-sdk-pool-1-thread-7] [INFO] [Elapsed 7] onMatchDeltaUpdateReceived 35848015 null
2022-10-23 09:40:17,904 [c.s.l.F.ClientInteraction] [livedata-sdk-pool-1-thread-7] [INFO] [Elapsed 6] onMatchDeltaUpdateReceived 35848015 null
2022-10-23 09:40:18,006 [c.s.l.F.ClientInteraction] [livedata-sdk-pool-1-thread-7] [INFO] [Elapsed 6] onMatchDeltaUpdateReceived 35848015 FIRST_QUARTER
2022-10-23 09:42:11,113 [c.s.l.F.ClientInteraction] [livedata-sdk-pool-1-thread-10] [INFO] [Elapsed 2] onFeedEvent : CONNECTED
2022-10-23 09:42:11,334 [c.s.l.F.ClientInteraction] [livedata-sdk-pool-1-thread-10] [INFO] [Elapsed 1] onOpened
2022-10-23 09:42:11,334 [c.s.l.F.ClientInteraction] [livedata-sdk-pool-1-thread-12] [INFO] [Elapsed 0] onFeedEvent : AUTHENTICATED
2022-10-23 09:42:11,354 [c.s.l.F.ClientInteraction] [livedata-sdk-pool-1-thread-12] [INFO] [Elapsed 0] onInitialized
2022-10-23 09:42:11,354 [c.s.l.F.ClientInteraction] [livedata-sdk-pool-1-thread-7] [INFO] [Elapsed 0] onFullMatchUpdateReceived 35848015 NOT_STARTED
2022-10-23 09:42:11,369 [c.s.l.F.ClientInteraction] [livedata-sdk-pool-1-thread-4] [INFO] [Elapsed 0] Lineups match id : 35848015
2022-10-23 09:42:12,479 [c.s.l.F.ClientInteraction] [livedata-sdk-pool-1-thread-7] [INFO] [Elapsed 61] onMatchDeltaUpdateReceived 35848015 null
2022-10-23 09:42:12,482 [c.s.l.F.ClientInteraction] [livedata-sdk-pool-1-thread-7] [INFO] [Elapsed 3] onMatchDeltaUpdateReceived 35848015 null
2022-10-23 09:42:12,558 [c.s.l.F.ClientInteraction] [livedata-sdk-pool-1-thread-7] [INFO] [Elapsed 6] onMatchDeltaUpdateReceived 35848015 null
2022-10-23 09:42:12,652 [c.s.l.F.ClientInteraction] [livedata-sdk-pool-1-thread-7] [INFO] [Elapsed 3] onMatchDeltaUpdateReceived 35848015 null
2022-10-23 09:42:12,758 [c.s.l.F.ClientInteraction] [livedata-sdk-pool-1-thread-7] [INFO] [Elapsed 6] onMatchDeltaUpdateReceived 35848015 null
2022-10-23 09:42:12,857 [c.s.l.F.ClientInteraction] [livedata-sdk-pool-1-thread-7] [INFO] [Elapsed 5] onMatchDeltaUpdateReceived 35848015 FIRST_QUARTER
2022-10-23 09:42:12,958 [c.s.l.F.ClientInteraction] [livedata-sdk-pool-1-thread-7] [INFO] [Elapsed 6] onMatchDeltaUpdateReceived 35848015 null
2022-10-23 09:42:13,058 [c.s.l.F.ClientInteraction] [livedata-sdk-pool-1-thread-7] [INFO] [Elapsed 6] onMatchDeltaUpdateReceived 35848015 null
2022-10-23 09:42:13,160 [c.s.l.F.ClientInteraction] [livedata-sdk-pool-1-thread-7] [INFO] [Elapsed 6] onMatchDeltaUpdateReceived 35848015 null
2022-10-23 10:25:38,106 [c.s.l.F.ClientInteraction] [livedata-sdk-pool-1-thread-10] [INFO] [Elapsed 1] onFeedEvent : CONNECTED
2022-10-23 10:25:38,689 [c.s.l.F.ClientInteraction] [livedata-sdk-pool-1-thread-10] [INFO] [Elapsed 0] onOpened
2022-10-23 10:25:38,689 [c.s.l.F.ClientInteraction] [livedata-sdk-pool-1-thread-12] [INFO] [Elapsed 0] onFeedEvent : AUTHENTICATED
2022-10-23 10:25:39,839 [c.s.l.F.ClientInteraction] [livedata-sdk-pool-1-thread-12] [INFO] [Elapsed 0] onInitialized
2022-10-23 10:25:39,839 [c.s.l.F.ClientInteraction] [livedata-sdk-pool-1-thread-6] [INFO] [Elapsed 0] onFullMatchUpdateReceived 27973866 NOT_STARTED
2022-10-23 10:25:39,849 [c.s.l.F.ClientInteraction] [livedata-sdk-pool-1-thread-4] [INFO] [Elapsed 0] Lineups match id : 27973866
2022-10-23 10:25:40,921 [c.s.l.F.ClientInteraction] [livedata-sdk-pool-1-thread-6] [INFO] [Elapsed 60] onMatchDeltaUpdateReceived 27973866 null
2022-10-23 10:25:40,924 [c.s.l.F.ClientInteraction] [livedata-sdk-pool-1-thread-6] [INFO] [Elapsed 3] onMatchDeltaUpdateReceived 27973866 null
2022-10-23 10:25:41,014 [c.s.l.F.ClientInteraction] [livedata-sdk-pool-1-thread-6] [INFO] [Elapsed 3] onMatchDeltaUpdateReceived 27973866 null
2022-10-23 10:25:41,109 [c.s.l.F.ClientInteraction] [livedata-sdk-pool-1-thread-6] [INFO] [Elapsed 6] onMatchDeltaUpdateReceived 27973866 null
2022-10-23 10:25:41,210 [c.s.l.F.ClientInteraction] [livedata-sdk-pool-1-thread-6] [INFO] [Elapsed 5] onMatchDeltaUpdateReceived 27973866 null
2022-10-23 10:25:41,309 [c.s.l.F.ClientInteraction] [livedata-sdk-pool-1-thread-6] [INFO] [Elapsed 5] onMatchDeltaUpdateReceived 27973866 null
2022-10-23 10:25:41,411 [c.s.l.F.ClientInteraction] [livedata-sdk-pool-1-thread-6] [INFO] [Elapsed 6] onMatchDeltaUpdateReceived 27973866 FIRST_HALF
2022-10-23 10:25:41,681 [c.s.l.F.ClientInteraction] [livedata-sdk-pool-1-thread-6] [INFO] [Elapsed 5] onMatchDeltaUpdateReceived 27973866 null
2022-10-23 10:25:41,709 [c.s.l.F.ClientInteraction] [livedata-sdk-pool-1-thread-6] [INFO] [Elapsed 6] onMatchDeltaUpdateReceived 27973866 null
2022-10-23 10:25:41,811 [c.s.l.F.ClientInteraction] [livedata-sdk-pool-1-thread-6] [INFO] [Elapsed 6] onMatchDeltaUpdateReceived 27973866 null
2022-10-23 10:25:41,909 [c.s.l.F.ClientInteraction] [livedata-sdk-pool-1-thread-6] [INFO] [Elapsed 6] onMatchDeltaUpdateReceived 27973866 null
2022-10-23 10:25:42,009 [c.s.l.F.ClientInteraction] [livedata-sdk-pool-1-thread-6] [INFO] [Elapsed 5] onMatchDeltaUpdateReceived 27973866 null
2022-10-23 10:25:42,110 [c.s.l.F.ClientInteraction] [livedata-sdk-pool-1-thread-6] [INFO] [Elapsed 6] onMatchDeltaUpdateReceived 27973866 null
2022-10-23 10:25:42,606 [c.s.l.F.ClientInteraction] [livedata-sdk-pool-1-thread-6] [INFO] [Elapsed 5] onMatchDeltaUpdateReceived 27973866 null
2022-10-23 10:25:42,608 [c.s.l.F.ClientInteraction] [livedata-sdk-pool-1-thread-6] [INFO] [Elapsed 2] onMatchDeltaUpdateReceived 27973866 null
2022-10-23 10:25:42,712 [c.s.l.F.ClientInteraction] [livedata-sdk-pool-1-thread-6] [INFO] [Elapsed 6] onMatchDeltaUpdateReceived 27973866 null
2022-10-23 10:25:42,811 [c.s.l.F.ClientInteraction] [livedata-sdk-pool-1-thread-6] [INFO] [Elapsed 5] onMatchDeltaUpdateReceived 27973866 null
2022-10-23 10:25:42,910 [c.s.l.F.ClientInteraction] [livedata-sdk-pool-1-thread-6] [INFO] [Elapsed 6] onMatchDeltaUpdateReceived 27973866 null
2022-10-23 10:25:43,214 [c.s.l.F.ClientInteraction] [livedata-sdk-pool-1-thread-6] [INFO] [Elapsed 5] onMatchDeltaUpdateReceived 27973866 null
2022-10-23 10:25:43,309 [c.s.l.F.ClientInteraction] [livedata-sdk-pool-1-thread-6] [INFO] [Elapsed 5] onMatchDeltaUpdateReceived 27973866 null
2022-10-23 10:25:43,408 [c.s.l.F.ClientInteraction] [livedata-sdk-pool-1-thread-6] [INFO] [Elapsed 5] onMatchDeltaUpdateReceived 27973866 null
2022-10-23 10:25:43,509 [c.s.l.F.ClientInteraction] [livedata-sdk-pool-1-thread-6] [INFO] [Elapsed 5] onMatchDeltaUpdateReceived 27973866 null
2022-10-23 10:25:43,609 [c.s.l.F.ClientInteraction] [livedata-sdk-pool-1-thread-6] [INFO] [Elapsed 6] onMatchDeltaUpdateReceived 27973866 null
2022-10-23 10:25:43,711 [c.s.l.F.ClientInteraction] [livedata-sdk-pool-1-thread-6] [INFO] [Elapsed 5] onMatchDeltaUpdateReceived 27973866 null
2022-10-23 10:25:43,809 [c.s.l.F.ClientInteraction] [livedata-sdk-pool-1-thread-6] [INFO] [Elapsed 5] onMatchDeltaUpdateReceived 27973866 null
2022-10-23 10:25:43,910 [c.s.l.F.ClientInteraction] [livedata-sdk-pool-1-thread-6] [INFO] [Elapsed 6] onMatchDeltaUpdateReceived 27973866 null
2022-10-23 10:25:44,239 [c.s.l.F.ClientInteraction] [livedata-sdk-pool-1-thread-6] [INFO] [Elapsed 5] onMatchDeltaUpdateReceived 27973866 null
2022-10-23 10:25:44,309 [c.s.l.F.ClientInteraction] [livedata-sdk-pool-1-thread-6] [INFO] [Elapsed 6] onMatchDeltaUpdateReceived 27973866 null
2022-10-23 10:25:44,407 [c.s.l.F.ClientInteraction] [livedata-sdk-pool-1-thread-6] [INFO] [Elapsed 4] onMatchDeltaUpdateReceived 27973866 null
2022-10-23 10:25:44,509 [c.s.l.F.ClientInteraction] [livedata-sdk-pool-1-thread-6] [INFO] [Elapsed 6] onMatchDeltaUpdateReceived 27973866 null
2022-10-23 10:25:44,609 [c.s.l.F.ClientInteraction] [livedata-sdk-pool-1-thread-6] [INFO] [Elapsed 5] onMatchDeltaUpdateReceived 27973866 null
2022-10-23 10:25:44,708 [c.s.l.F.ClientInteraction] [livedata-sdk-pool-1-thread-6] [INFO] [Elapsed 5] onMatchDeltaUpdateReceived 27973866 null
2022-10-23 10:25:44,853 [c.s.l.F.ClientInteraction] [livedata-sdk-pool-1-thread-6] [INFO] [Elapsed 7] onMatchDeltaUpdateUpdateReceived 27973866 null
2022-10-23 10:25:44,907 [c.s.l.F.ClientInteraction] [livedata-sdk-pool-1-thread-6] [INFO] [Elapsed 4] onMatchDeltaUpdateReceived 27973866 null
2022-10-23 10:25:45,003 [c.s.l.F.ClientInteraction] [livedata-sdk-pool-1-thread-6] [INFO] [Elapsed 2] onMatchDeltaUpdateReceived 27973866 null
2022-10-23 10:25:45,109 [c.s.l.F.ClientInteraction] [livedata-sdk-pool-1-thread-6] [INFO] [Elapsed 6] onMatchDeltaUpdateReceived 27973866 null
2022-10-23 10:25:45,210 [c.s.l.F.ClientInteraction] [livedata-sdk-pool-1-thread-6] [INFO] [Elapsed 6] onMatchDeltaUpdateReceived 27973866 null
2022-10-23 10:25:45,310 [c.s.l.F.ClientInteraction] [livedata-sdk-pool-1-thread-6] [INFO] [Elapsed 5] onMatchDeltaUpdateReceived 27973866 null
2022-10-23 10:25:45,409 [c.s.l.F.ClientInteraction] [livedata-sdk-pool-1-thread-6] [INFO] [Elapsed 6] onMatchDeltaUpdateReceived 27973866 null
2022-10-23 10:25:45,509 [c.s.l.F.ClientInteraction] [livedata-sdk-pool-1-thread-6] [INFO] [Elapsed 6] onMatchDeltaUpdateReceived 27973866 null
2022-10-23 10:25:45,613 [c.s.l.F.ClientInteraction] [livedata-sdk-pool-1-thread-6] [INFO] [Elapsed 5] onMatchDeltaUpdateReceived 27973866 null
2022-10-23 10:25:45,708 [c.s.l.F.ClientInteraction] [livedata-sdk-pool-1-thread-6] [INFO] [Elapsed 5] onMatchDeltaUpdateReceived 27973866 null
2022-10-23 10:26:17,893 [c.s.l.F.ClientInteraction] [livedata-sdk-pool-1-thread-10] [INFO] [Elapsed 2] onFeedEvent : CONNECTED
2022-10-23 10:26:18,171 [c.s.l.F.ClientInteraction] [livedata-sdk-pool-1-thread-10] [INFO] [Elapsed 1] onOpened
2022-10-23 10:26:18,171 [c.s.l.F.ClientInteraction] [livedata-sdk-pool-1-thread-12] [INFO] [Elapsed 0] onFeedEvent : AUTHENTICATED
2022-10-23 10:26:18,222 [c.s.l.F.ClientInteraction] [livedata-sdk-pool-1-thread-12] [INFO] [Elapsed 0] onInitialized
2022-10-23 10:26:18,223 [c.s.l.F.ClientInteraction] [livedata-sdk-pool-1-thread-6] [INFO] [Elapsed 0] onFullMatchUpdateReceived 27973866 NOT_STARTED
2022-10-23 10:26:18,229 [c.s.l.F.ClientInteraction] [livedata-sdk-pool-1-thread-4] [INFO] [Elapsed 0] Lineups match id : 27973866
2022-10-23 10:26:18,643 [c.s.l.F.ClientInteraction] [livedata-sdk-pool-1-thread-7] [INFO] [Elapsed 0] onFullMatchUpdateReceived 35848015 NOT_STARTED
2022-10-23 10:26:18,645 [c.s.l.F.ClientInteraction] [livedata-sdk-pool-1-thread-4] [INFO] [Elapsed 0] Lineups match id : 35848015
2022-10-23 10:26:19,281 [c.s.l.F.ClientInteraction] [livedata-sdk-pool-1-thread-6] [INFO] [Elapsed 55] onMatchDeltaUpdateReceived 27973866 null
2022-10-23 10:26:19,386 [c.s.l.F.ClientInteraction] [livedata-sdk-pool-1-thread-6] [INFO] [Elapsed 5] onMatchDeltaUpdateReceived 27973866 null
2022-10-23 10:26:19,571 [c.s.l.F.ClientInteraction] [livedata-sdk-pool-1-thread-6] [INFO] [Elapsed 7] onMatchDeltaUpdateReceived 27973866 null
2022-10-23 10:26:19,573 [c.s.l.F.ClientInteraction] [livedata-sdk-pool-1-thread-7] [INFO] [Elapsed 9] onMatchDeltaUpdateReceived 35848015 null
2022-10-23 10:26:19,664 [c.s.l.F.ClientInteraction] [livedata-sdk-pool-1-thread-7] [INFO] [Elapsed 5] onMatchDeltaUpdateReceived 35848015 null
2022-10-23 10:26:19,674 [c.s.l.F.ClientInteraction] [livedata-sdk-pool-1-thread-6] [INFO] [Elapsed 5] onMatchDeltaUpdateReceived 27973866 null
2022-10-23 10:26:19,767 [c.s.l.F.ClientInteraction] [livedata-sdk-pool-1-thread-7] [INFO] [Elapsed 7] onMatchDeltaUpdateReceived 35848015 null
2022-10-23 10:26:19,823 [c.s.l.F.ClientInteraction] [livedata-sdk-pool-1-thread-6] [INFO] [Elapsed 6] onMatchDeltaUpdateReceived 27973866 null
2022-10-23 10:26:19,866 [c.s.l.F.ClientInteraction] [livedata-sdk-pool-1-thread-7] [INFO] [Elapsed 5] onMatchDeltaUpdateReceived 35848015 null
2022-10-23 10:26:19,963 [c.s.l.F.ClientInteraction] [livedata-sdk-pool-1-thread-7] [INFO] [Elapsed 7] onMatchDeltaUpdateReceived 35848015 null
2022-10-23 10:26:19,968 [c.s.l.F.ClientInteraction] [livedata-sdk-pool-1-thread-6] [INFO] [Elapsed 3] onMatchDeltaUpdateReceived 27973866 null
2022-10-23 10:26:20,059 [c.s.l.F.ClientInteraction] [livedata-sdk-pool-1-thread-7] [INFO] [Elapsed 2] onMatchDeltaUpdateReceived 35848015 FIRST_QUARTER
2022-10-23 10:26:20,124 [c.s.l.F.ClientInteraction] [livedata-sdk-pool-1-thread-6] [INFO] [Elapsed 6] onMatchDeltaUpdateReceived 27973866 FIRST_HALF
2022-10-23 10:26:20,165 [c.s.l.F.ClientInteraction] [livedata-sdk-pool-1-thread-7] [INFO] [Elapsed 6] onMatchDeltaUpdateReceived 35848015 null
2022-10-23 10:26:20,264 [c.s.l.F.ClientInteraction] [livedata-sdk-pool-1-thread-7] [INFO] [Elapsed 6] onMatchDeltaUpdateReceived 35848015 null
2022-10-23 10:26:20,369 [c.s.l.F.ClientInteraction] [livedata-sdk-pool-1-thread-7] [INFO] [Elapsed 6] onMatchDeltaUpdateReceived 35848015 null
2022-10-23 10:26:20,424 [c.s.l.F.ClientInteraction] [livedata-sdk-pool-1-thread-6] [INFO] [Elapsed 6] onMatchDeltaUpdateReceived 27973866 null
2022-10-23 10:26:20,465 [c.s.l.F.ClientInteraction] [livedata-sdk-pool-1-thread-7] [INFO] [Elapsed 4] onMatchDeltaUpdateReceived 35848015 null
2022-10-23 10:26:20,564 [c.s.l.F.ClientInteraction] [livedata-sdk-pool-1-thread-7] [INFO] [Elapsed 5] onMatchDeltaUpdateReceived 35848015 null
2022-10-23 10:26:20,572 [c.s.l.F.ClientInteraction] [livedata-sdk-pool-1-thread-6] [INFO] [Elapsed 6] onMatchDeltaUpdateReceived 27973866 null
2022-10-23 10:26:20,663 [c.s.l.F.ClientInteraction] [livedata-sdk-pool-1-thread-7] [INFO] [Elapsed 5] onMatchDeltaUpdateReceived 35848015 null
2022-10-23 10:26:20,724 [c.s.l.F.ClientInteraction] [livedata-sdk-pool-1-thread-6] [INFO] [Elapsed 5] onMatchDeltaUpdateReceived 27973866 null
2022-10-23 10:26:20,765 [c.s.l.F.ClientInteraction] [livedata-sdk-pool-1-thread-7] [INFO] [Elapsed 6] onMatchDeltaUpdateReceived 35848015 null
2022-10-23 10:26:20,866 [c.s.l.F.ClientInteraction] [livedata-sdk-pool-1-thread-7] [INFO] [Elapsed 6] onMatchDeltaUpdateReceived 35848015 null
2022-10-23 10:26:20,873 [c.s.l.F.ClientInteraction] [livedata-sdk-pool-1-thread-6] [INFO] [Elapsed 5] onMatchDeltaUpdateReceived 27973866 null
2022-10-23 10:26:20,964 [c.s.l.F.ClientInteraction] [livedata-sdk-pool-1-thread-7] [INFO] [Elapsed 6] onMatchDeltaUpdateReceived 35848015 null
2022-10-23 10:26:21,022 [c.s.l.F.ClientInteraction] [livedata-sdk-pool-1-thread-6] [INFO] [Elapsed 5] onMatchDeltaUpdateReceived 27973866 null
2022-10-23 10:26:21,064 [c.s.l.F.ClientInteraction] [livedata-sdk-pool-1-thread-7] [INFO] [Elapsed 6] onMatchDeltaUpdateReceived 35848015 null
2022-10-23 10:26:21,163 [c.s.l.F.ClientInteraction] [livedata-sdk-pool-1-thread-7] [INFO] [Elapsed 5] onMatchDeltaUpdateReceived 35848015 null
2022-10-23 10:26:21,172 [c.s.l.F.ClientInteraction] [livedata-sdk-pool-1-thread-6] [INFO] [Elapsed 6] onMatchDeltaUpdateReceived 27973866 null
2022-10-23 10:26:21,264 [c.s.l.F.ClientInteraction] [livedata-sdk-pool-1-thread-7] [INFO] [Elapsed 6] onMatchDeltaUpdateReceived 35848015 null
2022-10-23 10:26:21,364 [c.s.l.F.ClientInteraction] [livedata-sdk-pool-1-thread-7] [INFO] [Elapsed 5] onMatchDeltaUpdateReceived 35848015 null
2022-10-23 10:31:50,567 [c.s.l.F.ClientInteraction] [livedata-sdk-pool-1-thread-10] [INFO] [Elapsed 2] onFeedEvent : CONNECTED
2022-10-23 10:31:51,144 [c.s.l.F.ClientInteraction] [livedata-sdk-pool-1-thread-10] [INFO] [Elapsed 0] onOpened
2022-10-23 10:31:51,145 [c.s.l.F.ClientInteraction] [livedata-sdk-pool-1-thread-12] [INFO] [Elapsed 0] onFeedEvent : AUTHENTICATED
2022-10-23 10:31:51,161 [c.s.l.F.ClientInteraction] [livedata-sdk-pool-1-thread-6] [INFO] [Elapsed 0] onFullMatchUpdateReceived 27973866 NOT_STARTED
2022-10-23 10:31:51,161 [c.s.l.F.ClientInteraction] [livedata-sdk-pool-1-thread-12] [INFO] [Elapsed 1] onInitialized
2022-10-23 10:31:51,167 [c.s.l.F.ClientInteraction] [livedata-sdk-pool-1-thread-4] [INFO] [Elapsed 0] Lineups match id : 27973866
2022-10-23 10:31:52,168 [c.s.l.F.ClientInteraction] [livedata-sdk-pool-1-thread-7] [INFO] [Elapsed 0] onFullMatchUpdateReceived 32038683 NOT_STARTED
2022-10-23 10:31:52,171 [c.s.l.F.ClientInteraction] [livedata-sdk-pool-1-thread-4] [INFO] [Elapsed 0] Lineups match id : 32038683
2022-10-23 10:31:52,228 [c.s.l.F.ClientInteraction] [livedata-sdk-pool-1-thread-6] [INFO] [Elapsed 55] onMatchDeltaUpdateReceived 27973866 null
2022-10-23 10:31:52,382 [c.s.l.F.ClientInteraction] [livedata-sdk-pool-1-thread-6] [INFO] [Elapsed 3] onMatchDeltaUpdateReceived 27973866 null
2022-10-23 10:31:52,448 [c.s.l.F.ClientInteraction] [livedata-sdk-pool-1-thread-6] [INFO] [Elapsed 6] onMatchDeltaUpdateReceived 27973866 null
2022-10-23 10:31:52,597 [c.s.l.F.ClientInteraction] [livedata-sdk-pool-1-thread-6] [INFO] [Elapsed 6] onMatchDeltaUpdateReceived 27973866 null
2022-10-23 10:31:52,680 [c.s.l.F.ClientInteraction] [livedata-sdk-pool-1-thread-7] [INFO] [Elapsed 1] onFullMatchUpdateReceived 31404647 NOT_STARTED
2022-10-23 10:31:52,694 [c.s.l.F.ClientInteraction] [livedata-sdk-pool-1-thread-4] [INFO] [Elapsed 0] Lineups match id : 31404647
2022-10-23 10:31:52,746 [c.s.l.F.ClientInteraction] [livedata-sdk-pool-1-thread-6] [INFO] [Elapsed 6] onMatchDeltaUpdateReceived 27973866 null
2022-10-23 10:31:52,991 [c.s.l.F.ClientInteraction] [livedata-sdk-pool-1-thread-6] [INFO] [Elapsed 6] onMatchDeltaUpdateReceived 27973866 null
2022-10-23 10:31:53,046 [c.s.l.F.ClientInteraction] [livedata-sdk-pool-1-thread-6] [INFO] [Elapsed 6] onMatchDeltaUpdateReceived 27973866 FIRST_HALF
2022-10-23 10:31:53,097 [c.s.l.F.ClientInteraction] [livedata-sdk-pool-1-thread-7] [INFO] [Elapsed 6] onMatchDeltaUpdateReceived 32038683 null
2022-10-23 10:31:53,296 [c.s.l.F.ClientInteraction] [livedata-sdk-pool-1-thread-7] [INFO] [Elapsed 4] onMatchDeltaUpdateReceived 32038683 null
2022-10-23 10:31:53,345 [c.s.l.F.ClientInteraction] [livedata-sdk-pool-1-thread-6] [INFO] [Elapsed 5] onMatchDeltaUpdateReceived 27973866 null
2022-10-23 10:31:53,497 [c.s.l.F.ClientInteraction] [livedata-sdk-pool-1-thread-6] [INFO] [Elapsed 6] onMatchDeltaUpdateReceived 27973866 null
2022-10-23 10:31:53,503 [c.s.l.F.ClientInteraction] [livedata-sdk-pool-1-thread-7] [INFO] [Elapsed 4] onMatchDeltaUpdateReceived 32038683 null
2022-10-23 10:31:53,582 [c.s.l.F.ClientInteraction] [livedata-sdk-pool-1-thread-5] [INFO] [Elapsed 0] onFullMatchUpdateReceived 32898001 NOT_STARTED
2022-10-23 10:31:53,596 [c.s.l.F.ClientInteraction] [livedata-sdk-pool-1-thread-4] [INFO] [Elapsed 0] Lineups match id : 32898001
2022-10-23 10:31:53,645 [c.s.l.F.ClientInteraction] [livedata-sdk-pool-1-thread-6] [INFO] [Elapsed 6] onMatchDeltaUpdateReceived 27973866 null
2022-10-23 10:31:53,692 [c.s.l.F.ClientInteraction] [livedata-sdk-pool-1-thread-7] [INFO] [Elapsed 6] onMatchDeltaUpdateReceived 31404647 null
2022-10-23 10:31:53,698 [c.s.l.F.ClientInteraction] [livedata-sdk-pool-1-thread-7] [INFO] [Elapsed 4] onMatchDeltaUpdateReceived 32038683 null
2022-10-23 10:31:53,782 [c.s.l.F.ClientInteraction] [livedata-sdk-pool-1-thread-7] [INFO] [Elapsed 5] onMatchDeltaUpdateReceived 31404647 null
2022-10-23 10:31:53,791 [c.s.l.F.ClientInteraction] [livedata-sdk-pool-1-thread-6] [INFO] [Elapsed 2] onMatchDeltaUpdateReceived 27973866 null
2022-10-23 10:31:53,870 [c.s.l.F.ClientInteraction] [livedata-sdk-pool-1-thread-7] [INFO] [Elapsed 5] onMatchDeltaUpdateReceived 31404647 null
2022-10-23 10:31:53,897 [c.s.l.F.ClientInteraction] [livedata-sdk-pool-1-thread-7] [INFO] [Elapsed 4] onMatchDeltaUpdateReceived 32038683 null
2022-10-23 10:31:53,946 [c.s.l.F.ClientInteraction] [livedata-sdk-pool-1-thread-6] [INFO] [Elapsed 6] onMatchDeltaUpdateReceived 27973866 null
2022-10-23 10:31:53,960 [c.s.l.F.ClientInteraction] [livedata-sdk-pool-1-thread-7] [INFO] [Elapsed 5] onMatchDeltaUpdateReceived 31404647 null
2022-10-23 10:31:54,052 [c.s.l.F.ClientInteraction] [livedata-sdk-pool-1-thread-7] [INFO] [Elapsed 5] onMatchDeltaUpdateReceived 31404647 null
2022-10-23 10:31:54,096 [c.s.l.F.ClientInteraction] [livedata-sdk-pool-1-thread-6] [INFO] [Elapsed 5] onMatchDeltaUpdateReceived 27973866 null
2022-10-23 10:31:54,102 [c.s.l.F.ClientInteraction] [livedata-sdk-pool-1-thread-7] [INFO] [Elapsed 4] onMatchDeltaUpdateReceived 32038683 null
2022-10-23 10:31:54,140 [c.s.l.F.ClientInteraction] [livedata-sdk-pool-1-thread-7] [INFO] [Elapsed 5] onMatchDeltaUpdateReceived 31404647 null
2022-10-23 10:39:42,327 [c.s.l.F.ClientInteraction] [livedata-sdk-pool-1-thread-10] [INFO] [Elapsed 2] onFeedEvent : CONNECTED
2022-10-23 10:39:42,904 [c.s.l.F.ClientInteraction] [livedata-sdk-pool-1-thread-10] [INFO] [Elapsed 1] onOpened
2022-10-23 10:39:42,905 [c.s.l.F.ClientInteraction] [livedata-sdk-pool-1-thread-12] [INFO] [Elapsed 0] onFeedEvent : AUTHENTICATED
2022-10-23 10:39:43,931 [c.s.l.F.ClientInteraction] [livedata-sdk-pool-1-thread-12] [INFO] [Elapsed 1] onInitialized
2022-10-23 10:39:43,931 [c.s.l.F.ClientInteraction] [livedata-sdk-pool-1-thread-4] [INFO] [Elapsed 1] onFullMatchUpdateReceived 27871760 NOT_STARTED
2022-10-23 10:39:43,939 [c.s.l.F.ClientInteraction] [livedata-sdk-pool-1-thread-4] [INFO] [Elapsed 0] Lineups match id : 27871760
2022-10-23 10:39:44,848 [c.s.l.F.ClientInteraction] [livedata-sdk-pool-1-thread-4] [INFO] [Elapsed 0] onFullMatchUpdateReceived 27885392 NOT_STARTED
2022-10-23 10:39:44,853 [c.s.l.F.ClientInteraction] [livedata-sdk-pool-1-thread-4] [INFO] [Elapsed 0] Lineups match id : 27885392
2022-10-23 10:39:44,952 [c.s.l.F.ClientInteraction] [livedata-sdk-pool-1-thread-4] [INFO] [Elapsed 62] onMatchDeltaUpdateReceived 27871760 null
2022-10-23 10:39:44,993 [c.s.l.F.ClientInteraction] [livedata-sdk-pool-1-thread-4] [INFO] [Elapsed 3] onMatchDeltaUpdateReceived 27871760 null
2022-10-23 10:39:45,084 [c.s.l.F.ClientInteraction] [livedata-sdk-pool-1-thread-4] [INFO] [Elapsed 2] onMatchDeltaUpdateReceived 27871760 null
2022-10-23 10:39:45,190 [c.s.l.F.ClientInteraction] [livedata-sdk-pool-1-thread-4] [INFO] [Elapsed 6] onMatchDeltaUpdateReceived 27871760 null
2022-10-23 10:39:45,291 [c.s.l.F.ClientInteraction] [livedata-sdk-pool-1-thread-4] [INFO] [Elapsed 6] onMatchDeltaUpdateReceived 27871760 null
2022-10-23 10:39:45,392 [c.s.l.F.ClientInteraction] [livedata-sdk-pool-1-thread-4] [INFO] [Elapsed 6] onMatchDeltaUpdateReceived 27871760 null
2022-10-23 10:39:45,492 [c.s.l.F.ClientInteraction] [livedata-sdk-pool-1-thread-4] [INFO] [Elapsed 7] onMatchDeltaUpdateReceived 27871760 FIRST_HALF
2022-10-23 10:39:45,765 [c.s.l.F.ClientInteraction] [livedata-sdk-pool-1-thread-4] [INFO] [Elapsed 0] onFullMatchUpdateReceived 28077596 NOT_STARTED
2022-10-23 10:39:45,768 [c.s.l.F.ClientInteraction] [livedata-sdk-pool-1-thread-4] [INFO] [Elapsed 0] Lineups match id : 28077596
2022-10-23 10:39:45,771 [c.s.l.F.ClientInteraction] [livedata-sdk-pool-1-thread-4] [INFO] [Elapsed 2] onMatchDeltaUpdateReceived 27871760 null
2022-10-23 10:39:45,789 [c.s.l.F.ClientInteraction] [livedata-sdk-pool-1-thread-4] [INFO] [Elapsed 6] onMatchDeltaUpdateReceived 27871760 null
2022-10-23 10:39:45,855 [c.s.l.F.ClientInteraction] [livedata-sdk-pool-1-thread-4] [INFO] [Elapsed 6] onMatchDeltaUpdateReceived 27885392 null
2022-10-23 10:39:45,892 [c.s.l.F.ClientInteraction] [livedata-sdk-pool-1-thread-4] [INFO] [Elapsed 6] onMatchDeltaUpdateReceived 27871760 null
2022-10-23 10:39:45,949 [c.s.l.F.ClientInteraction] [livedata-sdk-pool-1-thread-4] [INFO] [Elapsed 2] onMatchDeltaUpdateReceived 27885392 null
2022-10-23 10:39:45,984 [c.s.l.F.ClientInteraction] [livedata-sdk-pool-1-thread-4] [INFO] [Elapsed 2] onMatchDeltaUpdateReceived 27871760 null
2022-10-23 10:39:46,053 [c.s.l.F.ClientInteraction] [livedata-sdk-pool-1-thread-4] [INFO] [Elapsed 6] onMatchDeltaUpdateReceived 27885392 null
2022-10-23 10:39:46,154 [c.s.l.F.ClientInteraction] [livedata-sdk-pool-1-thread-4] [INFO] [Elapsed 5] onMatchDeltaUpdateReceived 27885392 null
2022-10-23 10:39:46,255 [c.s.l.F.ClientInteraction] [livedata-sdk-pool-1-thread-4] [INFO] [Elapsed 6] onMatchDeltaUpdateReceived 27885392 null
2022-10-23 10:56:23,296 [c.s.l.F.ClientInteraction] [livedata-sdk-pool-1-thread-10] [INFO] [Elapsed 2] onFeedEvent : CONNECTED
2022-10-23 10:56:23,882 [c.s.l.F.ClientInteraction] [livedata-sdk-pool-1-thread-10] [INFO] [Elapsed 0] onOpened
2022-10-23 10:56:23,882 [c.s.l.F.ClientInteraction] [livedata-sdk-pool-1-thread-12] [INFO] [Elapsed 0] onFeedEvent : AUTHENTICATED
2022-10-23 10:56:24,209 [c.s.l.F.ClientInteraction] [livedata-sdk-pool-1-thread-12] [INFO] [Elapsed 1] onInitialized
2022-10-23 10:56:24,209 [c.s.l.F.ClientInteraction] [livedata-sdk-pool-1-thread-4] [INFO] [Elapsed 0] onFullMatchUpdateReceived 27871760 NOT_STARTED
2022-10-23 10:56:24,218 [c.s.l.F.ClientInteraction] [livedata-sdk-pool-1-thread-4] [INFO] [Elapsed 1] Lineups match id : 27871760
2022-10-23 10:56:24,296 [c.s.l.F.ClientInteraction] [livedata-sdk-pool-1-thread-4] [INFO] [Elapsed 0] onFullMatchUpdateReceived 27885392 NOT_STARTED
2022-10-23 10:56:24,301 [c.s.l.F.ClientInteraction] [livedata-sdk-pool-1-thread-4] [INFO] [Elapsed 1] Lineups match id : 27885392
2022-10-23 10:56:24,597 [c.s.l.F.ClientInteraction] [livedata-sdk-pool-1-thread-4] [INFO] [Elapsed 1] onFullMatchUpdateReceived 28077596 NOT_STARTED
2022-10-23 10:56:24,601 [c.s.l.F.ClientInteraction] [livedata-sdk-pool-1-thread-4] [INFO] [Elapsed 0] Lineups match id : 28077596
2022-10-23 10:56:24,685 [c.s.l.F.ClientInteraction] [livedata-sdk-pool-1-thread-4] [INFO] [Elapsed 1] onFullMatchUpdateReceived 28160532 NOT_STARTED
2022-10-23 10:56:24,696 [c.s.l.F.ClientInteraction] [livedata-sdk-pool-1-thread-4] [INFO] [Elapsed 0] Lineups match id : 28160532
2022-10-23 10:56:25,004 [c.s.l.F.ClientInteraction] [livedata-sdk-pool-1-thread-6] [INFO] [Elapsed 0] onFullMatchUpdateReceived 28304186 NOT_STARTED
2022-10-23 10:56:25,007 [c.s.l.F.ClientInteraction] [livedata-sdk-pool-1-thread-4] [INFO] [Elapsed 0] Lineups match id : 28304186
2022-10-23 10:56:25,156 [c.s.l.F.ClientInteraction] [livedata-sdk-pool-1-thread-4] [INFO] [Elapsed 55] onMatchDeltaUpdateReceived 27871760 null
2022-10-23 10:56:25,332 [c.s.l.F.ClientInteraction] [livedata-sdk-pool-1-thread-4] [INFO] [Elapsed 5] onMatchDeltaUpdateReceived 27885392 null
2022-10-23 10:56:25,522 [c.s.l.F.ClientInteraction] [livedata-sdk-pool-1-thread-4] [INFO] [Elapsed 7] onMatchDeltaUpdateReceived 28077596 null
2022-10-23 10:56:25,701 [c.s.l.F.ClientInteraction] [livedata-sdk-pool-1-thread-5] [INFO] [Elapsed 0] onFullMatchUpdateReceived 31123185 NOT_STARTED
2022-10-23 10:56:25,709 [c.s.l.F.ClientInteraction] [livedata-sdk-pool-1-thread-4] [INFO] [Elapsed 3] onMatchDeltaUpdateReceived 28160532 null
2022-10-23 10:56:25,710 [c.s.l.F.ClientInteraction] [livedata-sdk-pool-1-thread-4] [INFO] [Elapsed 0] Lineups match id : 31123185
2022-10-23 10:56:25,950 [c.s.l.F.ClientInteraction] [livedata-sdk-pool-1-thread-6] [INFO] [Elapsed 2] onMatchDeltaUpdateReceived 28304186 null
2022-10-23 10:56:26,377 [c.s.l.F.ClientInteraction] [livedata-sdk-pool-1-thread-7] [INFO] [Elapsed 0] onFullMatchUpdateReceived 31528695 NOT_STARTED
2022-10-23 10:56:26,392 [c.s.l.F.ClientInteraction] [livedata-sdk-pool-1-thread-4] [INFO] [Elapsed 0] Lineups match id : 31528695
2022-10-23 10:56:26,758 [c.s.l.F.ClientInteraction] [livedata-sdk-pool-1-thread-5] [INFO] [Elapsed 9] onMatchDeltaUpdateReceived 31123185 null
2022-10-23 10:56:27,055 [c.s.l.F.ClientInteraction] [livedata-sdk-pool-1-thread-7] [INFO] [Elapsed 0] onFullMatchUpdateReceived 31767683 NOT_STARTED
2022-10-23 10:56:27,068 [c.s.l.F.ClientInteraction] [livedata-sdk-pool-1-thread-4] [INFO] [Elapsed 0] Lineups match id : 31767683
2022-10-23 10:56:27,467 [c.s.l.F.ClientInteraction] [livedata-sdk-pool-1-thread-7] [INFO] [Elapsed 6] onMatchDeltaUpdateReceived 31528695 null
2022-10-23 10:56:27,641 [c.s.l.F.ClientInteraction] [livedata-sdk-pool-1-thread-7] [INFO] [Elapsed 1] onFullMatchUpdateReceived 31887911 NOT_STARTED
2022-10-23 10:56:27,646 [c.s.l.F.ClientInteraction] [livedata-sdk-pool-1-thread-4] [INFO] [Elapsed 0] Lineups match id : 31887911
2022-10-23 10:56:27,978 [c.s.l.F.ClientInteraction] [livedata-sdk-pool-1-thread-4] [INFO] [Elapsed 5] onMatchDeltaUpdateReceived 28160532 null
2022-10-23 10:56:28,070 [c.s.l.F.ClientInteraction] [livedata-sdk-pool-1-thread-7] [INFO] [Elapsed 6] onMatchDeltaUpdateReceived 31767683 null
2022-10-23 10:56:28,250 [c.s.l.F.ClientInteraction] [livedata-sdk-pool-1-thread-6] [INFO] [Elapsed 5] onMatchDeltaUpdateReceived 28304186 null
